==26485== Memcheck, a memory error detector
==26485== Copyright (C) 2002-2017, and GNU GPL'd, by Julian Seward et al.
==26485== Using Valgrind-3.18.1 and LibVEX; rerun with -h for copyright info
==26485== Command: out/ising_2d_test
==26485== Parent PID: 17416
==26485== 
==26485== Invalid read of size 1
==26485==    at 0x484ED24: strlen (in /usr/libexec/valgrind/vgpreload_memcheck-amd64-linux.so)
==26485==    by 0x10BDFC: init_toml (in /home/jordan/Documents/PHYS3920/computational_project/out/ising_2d_test)
==26485==    by 0x10C405: init_config (in /home/jordan/Documents/PHYS3920/computational_project/out/ising_2d_test)
==26485==    by 0x10BC44: main (in /home/jordan/Documents/PHYS3920/computational_project/out/ising_2d_test)
==26485==  Address 0x4b80370 is 0 bytes after a block of size 208 alloc'd
==26485==    at 0x484DA83: calloc (in /usr/libexec/valgrind/vgpreload_memcheck-amd64-linux.so)
==26485==    by 0x10BD41: read (in /home/jordan/Documents/PHYS3920/computational_project/out/ising_2d_test)
==26485==    by 0x10BDC8: init_toml (in /home/jordan/Documents/PHYS3920/computational_project/out/ising_2d_test)
==26485==    by 0x10C405: init_config (in /home/jordan/Documents/PHYS3920/computational_project/out/ising_2d_test)
==26485==    by 0x10BC44: main (in /home/jordan/Documents/PHYS3920/computational_project/out/ising_2d_test)
==26485== 
==26485== Invalid read of size 1
==26485==    at 0x10BE93: peek (in /home/jordan/Documents/PHYS3920/computational_project/out/ising_2d_test)
==26485==    by 0x10C001: whitespace (in /home/jordan/Documents/PHYS3920/computational_project/out/ising_2d_test)
==26485==    by 0x10C28B: parse (in /home/jordan/Documents/PHYS3920/computational_project/out/ising_2d_test)
==26485==    by 0x10C415: init_config (in /home/jordan/Documents/PHYS3920/computational_project/out/ising_2d_test)
==26485==    by 0x10BC44: main (in /home/jordan/Documents/PHYS3920/computational_project/out/ising_2d_test)
==26485==  Address 0x4b80370 is 0 bytes after a block of size 208 alloc'd
==26485==    at 0x484DA83: calloc (in /usr/libexec/valgrind/vgpreload_memcheck-amd64-linux.so)
==26485==    by 0x10BD41: read (in /home/jordan/Documents/PHYS3920/computational_project/out/ising_2d_test)
==26485==    by 0x10BDC8: init_toml (in /home/jordan/Documents/PHYS3920/computational_project/out/ising_2d_test)
==26485==    by 0x10C405: init_config (in /home/jordan/Documents/PHYS3920/computational_project/out/ising_2d_test)
==26485==    by 0x10BC44: main (in /home/jordan/Documents/PHYS3920/computational_project/out/ising_2d_test)
==26485== 
==26485== Invalid read of size 8
==26485==    at 0x1095CD: spin_energy_ising_2d (in /home/jordan/Documents/PHYS3920/computational_project/out/ising_2d_test)
==26485==    by 0x1098C6: metropolis_step_ising_2d (in /home/jordan/Documents/PHYS3920/computational_project/out/ising_2d_test)
==26485==    by 0x10B665: magnetisation_vs_temperature (in /home/jordan/Documents/PHYS3920/computational_project/out/ising_2d_test)
==26485==    by 0x10BC54: main (in /home/jordan/Documents/PHYS3920/computational_project/out/ising_2d_test)
==26485==  Address 0x4bafe80 is 0 bytes after a block of size 160 alloc'd
==26485==    at 0x484DA83: calloc (in /usr/libexec/valgrind/vgpreload_memcheck-amd64-linux.so)
==26485==    by 0x1094AF: init_ising_2d (in /home/jordan/Documents/PHYS3920/computational_project/out/ising_2d_test)
==26485==    by 0x10B649: magnetisation_vs_temperature (in /home/jordan/Documents/PHYS3920/computational_project/out/ising_2d_test)
==26485==    by 0x10BC54: main (in /home/jordan/Documents/PHYS3920/computational_project/out/ising_2d_test)
==26485== 
==26485== Invalid read of size 4
==26485==    at 0x1095DC: spin_energy_ising_2d (in /home/jordan/Documents/PHYS3920/computational_project/out/ising_2d_test)
==26485==    by 0x1098C6: metropolis_step_ising_2d (in /home/jordan/Documents/PHYS3920/computational_project/out/ising_2d_test)
==26485==    by 0x10B665: magnetisation_vs_temperature (in /home/jordan/Documents/PHYS3920/computational_project/out/ising_2d_test)
==26485==    by 0x10BC54: main (in /home/jordan/Documents/PHYS3920/computational_project/out/ising_2d_test)
==26485==  Address 0x14 is not stack'd, malloc'd or (recently) free'd
==26485== 
==26485== 
==26485== Process terminating with default action of signal 11 (SIGSEGV)
==26485==  Access not within mapped region at address 0x14
==26485==    at 0x1095DC: spin_energy_ising_2d (in /home/jordan/Documents/PHYS3920/computational_project/out/ising_2d_test)
==26485==    by 0x1098C6: metropolis_step_ising_2d (in /home/jordan/Documents/PHYS3920/computational_project/out/ising_2d_test)
==26485==    by 0x10B665: magnetisation_vs_temperature (in /home/jordan/Documents/PHYS3920/computational_project/out/ising_2d_test)
==26485==    by 0x10BC54: main (in /home/jordan/Documents/PHYS3920/computational_project/out/ising_2d_test)
==26485==  If you believe this happened as a result of a stack
==26485==  overflow in your program's main thread (unlikely but
==26485==  possible), you can try to increase the size of the
==26485==  main thread stack using the --main-stacksize= flag.
==26485==  The main thread stack size used in this run was 8388608.
==26485== 
==26485== HEAP SUMMARY:
==26485==     in use at exit: 102,898 bytes in 1,280 blocks
==26485==   total heap usage: 1,445 allocs, 165 frees, 109,190 bytes allocated
==26485== 
==26485== 232 (24 direct, 208 indirect) bytes in 1 blocks are definitely lost in loss record 9 of 14
==26485==    at 0x4848899: malloc (in /usr/libexec/valgrind/vgpreload_memcheck-amd64-linux.so)
==26485==    by 0x10BDD6: init_toml (in /home/jordan/Documents/PHYS3920/computational_project/out/ising_2d_test)
==26485==    by 0x10C405: init_config (in /home/jordan/Documents/PHYS3920/computational_project/out/ising_2d_test)
==26485==    by 0x10BC44: main (in /home/jordan/Documents/PHYS3920/computational_project/out/ising_2d_test)
==26485== 
==26485== 99,456 (896 direct, 98,560 indirect) bytes in 56 blocks are definitely lost in loss record 14 of 14
==26485==    at 0x484DA83: calloc (in /usr/libexec/valgrind/vgpreload_memcheck-amd64-linux.so)
==26485==    by 0x109557: init_ising_2d (in /home/jordan/Documents/PHYS3920/computational_project/out/ising_2d_test)
==26485==    by 0x10B649: magnetisation_vs_temperature (in /home/jordan/Documents/PHYS3920/computational_project/out/ising_2d_test)
==26485==    by 0x10BC54: main (in /home/jordan/Documents/PHYS3920/computational_project/out/ising_2d_test)
==26485== 
==26485== LEAK SUMMARY:
==26485==    definitely lost: 920 bytes in 57 blocks
==26485==    indirectly lost: 98,768 bytes in 1,177 blocks
==26485==      possibly lost: 0 bytes in 0 blocks
==26485==    still reachable: 3,210 bytes in 46 blocks
==26485==         suppressed: 0 bytes in 0 blocks
==26485== Reachable blocks (those to which a pointer was found) are not shown.
==26485== To see them, rerun with: --leak-check=full --show-leak-kinds=all
==26485== 
==26485== For lists of detected and suppressed errors, rerun with: -s
==26485== ERROR SUMMARY: 6 errors from 6 contexts (suppressed: 0 from 0)
